<?xml version="1.0" encoding="UTF-8"?>
<testng-results ignored="1" total="2" passed="1" failed="0" skipped="0">
  <reporter-output>
  </reporter-output>
  <suite started-at="2023-12-05T23:25:38 EET" name="Default suite" finished-at="2023-12-05T23:25:44 EET" duration-ms="5735">
    <groups>
    </groups>
    <test started-at="2023-12-05T23:25:38 EET" name="Default test" finished-at="2023-12-05T23:25:44 EET" duration-ms="5735">
      <class name="SWAGLABS">
        <test-method is-config="true" signature="myBeforeTest()[pri:0, instance:SWAGLABS@352c308]" started-at="2023-12-05T23:25:38 EET" name="myBeforeTest" finished-at="2023-12-05T23:25:41 EET" duration-ms="2601" status="PASS">
          <reporter-output>
          </reporter-output>
        </test-method> <!-- myBeforeTest -->
        <test-method signature="test2()[pri:0, instance:SWAGLABS@352c308]" started-at="2023-12-05T23:25:41 EET" name="test2" finished-at="2023-12-05T23:25:44 EET" duration-ms="3051" status="PASS">
          <reporter-output>
          </reporter-output>
        </test-method> <!-- test2 -->
        <test-method is-config="true" signature="myAfterTest()[pri:0, instance:SWAGLABS@352c308]" started-at="2023-12-05T23:25:44 EET" name="myAfterTest" finished-at="2023-12-05T23:25:44 EET" duration-ms="0" status="PASS">
          <reporter-output>
          </reporter-output>
        </test-method> <!-- myAfterTest -->
      </class> <!-- SWAGLABS -->
    </test> <!-- Default test -->
  </suite> <!-- Default suite -->
</testng-results>
